{"uuid":"ff4ed960-2ef7-4262-90bb-d0a20e27afcb","historyId":"47bb27624cd26c3d205bf4803ab73e5b","fullName":"GetOrdersListTest.getOrdersListTest","labels":[{"name":"package","value":""},{"name":"testClass","value":"GetOrdersListTest"},{"name":"testMethod","value":"getOrdersListTest"},{"name":"suite","value":"GetOrdersListTest"},{"name":"host","value":"MacBook-Pro-Evgenia.local"},{"name":"thread","value":"7800@MacBook-Pro-Evgenia.local.main(1)"},{"name":"framework","value":"junit4"},{"name":"language","value":"java"}],"links":[],"name":"getOrdersListTest","status":"broken","statusDetails":{"known":false,"muted":false,"flaky":false,"message":"Failed to parse the JSON document","trace":"io.restassured.path.json.exception.JsonPathException: Failed to parse the JSON document\n\tat io.restassured.path.json.JsonPath$ExceptionCatcher.invoke(JsonPath.java:1002)\n\tat io.restassured.path.json.JsonPath$4.doParseWith(JsonPath.java:967)\n\tat io.restassured.path.json.JsonPath$JsonParser.parseWith(JsonPath.java:1047)\n\tat io.restassured.path.json.JsonPath.get(JsonPath.java:202)\n\tat io.restassured.path.json.JsonPath.getList(JsonPath.java:375)\n\tat OrderSteps.getOrdersId(OrderSteps.java:38)\n\tat GetOrdersListTest.getOrdersListTest(GetOrdersListTest.java:14)\n\tat java.base/jdk.internal.reflect.NativeMethodAccessorImpl.invoke0(Native Method)\n\tat java.base/jdk.internal.reflect.NativeMethodAccessorImpl.invoke(NativeMethodAccessorImpl.java:62)\n\tat java.base/jdk.internal.reflect.DelegatingMethodAccessorImpl.invoke(DelegatingMethodAccessorImpl.java:43)\n\tat java.base/java.lang.reflect.Method.invoke(Method.java:566)\n\tat org.junit.runners.model.FrameworkMethod$1.runReflectiveCall(FrameworkMethod.java:59)\n\tat org.junit.internal.runners.model.ReflectiveCallable.run(ReflectiveCallable.java:12)\n\tat org.junit.runners.model.FrameworkMethod.invokeExplosively(FrameworkMethod.java:56)\n\tat org.junit.internal.runners.statements.InvokeMethod.evaluate(InvokeMethod.java:17)\n\tat org.junit.runners.ParentRunner$3.evaluate(ParentRunner.java:306)\n\tat org.junit.runners.BlockJUnit4ClassRunner$1.evaluate(BlockJUnit4ClassRunner.java:100)\n\tat org.junit.runners.ParentRunner.runLeaf(ParentRunner.java:366)\n\tat org.junit.runners.BlockJUnit4ClassRunner.runChild(BlockJUnit4ClassRunner.java:103)\n\tat org.junit.runners.BlockJUnit4ClassRunner.runChild(BlockJUnit4ClassRunner.java:63)\n\tat org.junit.runners.ParentRunner$4.run(ParentRunner.java:331)\n\tat org.junit.runners.ParentRunner$1.schedule(ParentRunner.java:79)\n\tat org.junit.runners.ParentRunner.runChildren(ParentRunner.java:329)\n\tat org.junit.runners.ParentRunner.access$100(ParentRunner.java:66)\n\tat org.junit.runners.ParentRunner$2.evaluate(ParentRunner.java:293)\n\tat org.junit.runners.ParentRunner$3.evaluate(ParentRunner.java:306)\n\tat org.junit.runners.ParentRunner.run(ParentRunner.java:413)\n\tat org.apache.maven.surefire.junit4.JUnit4Provider.execute(JUnit4Provider.java:365)\n\tat org.apache.maven.surefire.junit4.JUnit4Provider.executeWithRerun(JUnit4Provider.java:273)\n\tat org.apache.maven.surefire.junit4.JUnit4Provider.executeTestSet(JUnit4Provider.java:238)\n\tat org.apache.maven.surefire.junit4.JUnit4Provider.invoke(JUnit4Provider.java:159)\n\tat org.apache.maven.surefire.booter.ForkedBooter.invokeProviderInSameClassLoader(ForkedBooter.java:384)\n\tat org.apache.maven.surefire.booter.ForkedBooter.runSuitesInProcess(ForkedBooter.java:345)\n\tat org.apache.maven.surefire.booter.ForkedBooter.execute(ForkedBooter.java:126)\n\tat org.apache.maven.surefire.booter.ForkedBooter.main(ForkedBooter.java:418)\nCaused by: groovy.json.JsonException: Lexing failed on line: 1, column: 1, while reading 'S', no possible valid JSON value or punctuation could be recognized.\n\tat groovy.json.JsonLexer.nextToken(JsonLexer.java:86)\n\tat groovy.json.JsonLexer$nextToken.call(Unknown Source)\n\tat org.codehaus.groovy.runtime.callsite.CallSiteArray.defaultCall(CallSiteArray.java:45)\n\tat org.codehaus.groovy.runtime.callsite.AbstractCallSite.call(AbstractCallSite.java:125)\n\tat org.codehaus.groovy.runtime.callsite.AbstractCallSite.call(AbstractCallSite.java:130)\n\tat io.restassured.internal.path.json.ConfigurableJsonSlurper.parse(ConfigurableJsonSlurper.groovy:97)\n\tat io.restassured.internal.path.json.ConfigurableJsonSlurper$parse.callCurrent(Unknown Source)\n\tat org.codehaus.groovy.runtime.callsite.CallSiteArray.defaultCallCurrent(CallSiteArray.java:49)\n\tat org.codehaus.groovy.runtime.callsite.AbstractCallSite.callCurrent(AbstractCallSite.java:171)\n\tat org.codehaus.groovy.runtime.callsite.AbstractCallSite.callCurrent(AbstractCallSite.java:185)\n\tat io.restassured.internal.path.json.ConfigurableJsonSlurper.parseText(ConfigurableJsonSlurper.groovy:83)\n\tat io.restassured.path.json.JsonPath$4$1.method(JsonPath.java:965)\n\tat io.restassured.path.json.JsonPath$ExceptionCatcher.invoke(JsonPath.java:1000)\n\t... 34 more\n"},"stage":"finished","steps":[{"name":"getFiveOrders","status":"passed","stage":"finished","steps":[],"attachments":[],"parameters":[],"start":1737571781347,"stop":1737571842838},{"name":"getOrdersId","status":"broken","statusDetails":{"known":false,"muted":false,"flaky":false,"message":"Failed to parse the JSON document","trace":"io.restassured.path.json.exception.JsonPathException: Failed to parse the JSON document\n\tat io.restassured.path.json.JsonPath$ExceptionCatcher.invoke(JsonPath.java:1002)\n\tat io.restassured.path.json.JsonPath$4.doParseWith(JsonPath.java:967)\n\tat io.restassured.path.json.JsonPath$JsonParser.parseWith(JsonPath.java:1047)\n\tat io.restassured.path.json.JsonPath.get(JsonPath.java:202)\n\tat io.restassured.path.json.JsonPath.getList(JsonPath.java:375)\n\tat OrderSteps.getOrdersId(OrderSteps.java:38)\n\tat GetOrdersListTest.getOrdersListTest(GetOrdersListTest.java:14)\n\tat java.base/jdk.internal.reflect.NativeMethodAccessorImpl.invoke0(Native Method)\n\tat java.base/jdk.internal.reflect.NativeMethodAccessorImpl.invoke(NativeMethodAccessorImpl.java:62)\n\tat java.base/jdk.internal.reflect.DelegatingMethodAccessorImpl.invoke(DelegatingMethodAccessorImpl.java:43)\n\tat java.base/java.lang.reflect.Method.invoke(Method.java:566)\n\tat org.junit.runners.model.FrameworkMethod$1.runReflectiveCall(FrameworkMethod.java:59)\n\tat org.junit.internal.runners.model.ReflectiveCallable.run(ReflectiveCallable.java:12)\n\tat org.junit.runners.model.FrameworkMethod.invokeExplosively(FrameworkMethod.java:56)\n\tat org.junit.internal.runners.statements.InvokeMethod.evaluate(InvokeMethod.java:17)\n\tat org.junit.runners.ParentRunner$3.evaluate(ParentRunner.java:306)\n\tat org.junit.runners.BlockJUnit4ClassRunner$1.evaluate(BlockJUnit4ClassRunner.java:100)\n\tat org.junit.runners.ParentRunner.runLeaf(ParentRunner.java:366)\n\tat org.junit.runners.BlockJUnit4ClassRunner.runChild(BlockJUnit4ClassRunner.java:103)\n\tat org.junit.runners.BlockJUnit4ClassRunner.runChild(BlockJUnit4ClassRunner.java:63)\n\tat org.junit.runners.ParentRunner$4.run(ParentRunner.java:331)\n\tat org.junit.runners.ParentRunner$1.schedule(ParentRunner.java:79)\n\tat org.junit.runners.ParentRunner.runChildren(ParentRunner.java:329)\n\tat org.junit.runners.ParentRunner.access$100(ParentRunner.java:66)\n\tat org.junit.runners.ParentRunner$2.evaluate(ParentRunner.java:293)\n\tat org.junit.runners.ParentRunner$3.evaluate(ParentRunner.java:306)\n\tat org.junit.runners.ParentRunner.run(ParentRunner.java:413)\n\tat org.apache.maven.surefire.junit4.JUnit4Provider.execute(JUnit4Provider.java:365)\n\tat org.apache.maven.surefire.junit4.JUnit4Provider.executeWithRerun(JUnit4Provider.java:273)\n\tat org.apache.maven.surefire.junit4.JUnit4Provider.executeTestSet(JUnit4Provider.java:238)\n\tat org.apache.maven.surefire.junit4.JUnit4Provider.invoke(JUnit4Provider.java:159)\n\tat org.apache.maven.surefire.booter.ForkedBooter.invokeProviderInSameClassLoader(ForkedBooter.java:384)\n\tat org.apache.maven.surefire.booter.ForkedBooter.runSuitesInProcess(ForkedBooter.java:345)\n\tat org.apache.maven.surefire.booter.ForkedBooter.execute(ForkedBooter.java:126)\n\tat org.apache.maven.surefire.booter.ForkedBooter.main(ForkedBooter.java:418)\nCaused by: groovy.json.JsonException: Lexing failed on line: 1, column: 1, while reading 'S', no possible valid JSON value or punctuation could be recognized.\n\tat groovy.json.JsonLexer.nextToken(JsonLexer.java:86)\n\tat groovy.json.JsonLexer$nextToken.call(Unknown Source)\n\tat org.codehaus.groovy.runtime.callsite.CallSiteArray.defaultCall(CallSiteArray.java:45)\n\tat org.codehaus.groovy.runtime.callsite.AbstractCallSite.call(AbstractCallSite.java:125)\n\tat org.codehaus.groovy.runtime.callsite.AbstractCallSite.call(AbstractCallSite.java:130)\n\tat io.restassured.internal.path.json.ConfigurableJsonSlurper.parse(ConfigurableJsonSlurper.groovy:97)\n\tat io.restassured.internal.path.json.ConfigurableJsonSlurper$parse.callCurrent(Unknown Source)\n\tat org.codehaus.groovy.runtime.callsite.CallSiteArray.defaultCallCurrent(CallSiteArray.java:49)\n\tat org.codehaus.groovy.runtime.callsite.AbstractCallSite.callCurrent(AbstractCallSite.java:171)\n\tat org.codehaus.groovy.runtime.callsite.AbstractCallSite.callCurrent(AbstractCallSite.java:185)\n\tat io.restassured.internal.path.json.ConfigurableJsonSlurper.parseText(ConfigurableJsonSlurper.groovy:83)\n\tat io.restassured.path.json.JsonPath$4$1.method(JsonPath.java:965)\n\tat io.restassured.path.json.JsonPath$ExceptionCatcher.invoke(JsonPath.java:1000)\n\t... 34 more\n"},"stage":"finished","steps":[],"attachments":[],"parameters":[{"name":"OrdersList","value":"io.restassured.internal.RestAssuredResponseImpl@105ffc58"}],"start":1737571842840,"stop":1737571842904}],"attachments":[],"parameters":[],"start":1737571780326,"stop":1737571842917}